
*** Running vivado
    with args -log project_reti_logiche.vds -m64 -product Vivado -mode batch -messageDb vivado.pb -notrace -source project_reti_logiche.tcl



****** Vivado v2022.2 (64-bit)
  **** SW Build 3671981 on Fri Oct 14 05:00:03 MDT 2022
  **** IP Build 3669848 on Fri Oct 14 08:30:02 MDT 2022
    ** Copyright 1986-2022 Xilinx, Inc. All Rights Reserved.

source project_reti_logiche.tcl -notrace
create_project: Time (s): cpu = 00:00:05 ; elapsed = 00:00:06 . Memory (MB): peak = 377.621 ; gain = 65.363
Command: read_checkpoint -auto_incremental -incremental {C:/Users/simon/OneDrive - Politecnico di Milano/3/Reti Logiche/project_reti_logiche/project_reti_logiche.srcs/utils_1/imports/synth_1/project_reti_logiche.dcp}
INFO: [Vivado 12-5825] Read reference checkpoint from C:/Users/simon/OneDrive - Politecnico di Milano/3/Reti Logiche/project_reti_logiche/project_reti_logiche.srcs/utils_1/imports/synth_1/project_reti_logiche.dcp for incremental synthesis
INFO: [Vivado 12-7989] Please ensure there are no constraint changes
Command: synth_design -top project_reti_logiche -part xc7a200tfbg484-1
Starting synth_design
Attempting to get a license for feature 'Synthesis' and/or device 'xc7a200t'
INFO: [Common 17-349] Got license for feature 'Synthesis' and/or device 'xc7a200t'
INFO: [Device 21-403] Loading part xc7a200tfbg484-1
INFO: [Designutils 20-5440] No compile time benefit to using incremental synthesis; A full resynthesis will be run
INFO: [Designutils 20-4379] Flow is switching to default flow due to incremental criteria not met. If you would like to alter this behaviour and have the flow terminate instead, please set the following parameter config_implementation {autoIncr.Synth.RejectBehavior Terminate}
INFO: [Synth 8-7079] Multithreading enabled for synth_design using a maximum of 2 processes.
INFO: [Synth 8-7078] Launching helper process for spawning children vivado processes
INFO: [Synth 8-7075] Helper process launched with PID 2224
INFO: [Synth 8-11241] undeclared symbol 'REGCCE', assumed default net type 'wire' [C:/Xilinx/Vivado/2022.2/data/verilog/src/unimacro/BRAM_SINGLE_MACRO.v:2170]
---------------------------------------------------------------------------------
Starting RTL Elaboration : Time (s): cpu = 00:00:06 ; elapsed = 00:00:07 . Memory (MB): peak = 1244.070 ; gain = 409.223
---------------------------------------------------------------------------------
INFO: [Synth 8-638] synthesizing module 'project_reti_logiche' [C:/Users/simon/OneDrive - Politecnico di Milano/3/Reti Logiche/project_reti_logiche/project_reti_logiche.srcs/sources_1/new/10727140.vhd:34]
INFO: [Synth 8-3491] module 'DeSerializeTransform' declared at 'C:/Users/simon/OneDrive - Politecnico di Milano/3/Reti Logiche/project_reti_logiche/project_reti_logiche.srcs/sources_1/new/DeSerializeTransform.vhd:6' bound to instance 'DeSerT' of component 'DeSerializeTransform' [C:/Users/simon/OneDrive - Politecnico di Milano/3/Reti Logiche/project_reti_logiche/project_reti_logiche.srcs/sources_1/new/10727140.vhd:77]
INFO: [Synth 8-638] synthesizing module 'DeSerializeTransform' [C:/Users/simon/OneDrive - Politecnico di Milano/3/Reti Logiche/project_reti_logiche/project_reti_logiche.srcs/sources_1/new/DeSerializeTransform.vhd:21]
INFO: [Synth 8-226] default block is never used [C:/Users/simon/OneDrive - Politecnico di Milano/3/Reti Logiche/project_reti_logiche/project_reti_logiche.srcs/sources_1/new/DeSerializeTransform.vhd:47]
INFO: [Synth 8-256] done synthesizing module 'DeSerializeTransform' (0#1) [C:/Users/simon/OneDrive - Politecnico di Milano/3/Reti Logiche/project_reti_logiche/project_reti_logiche.srcs/sources_1/new/DeSerializeTransform.vhd:21]
INFO: [Synth 8-3491] module 'DataSwitch' declared at 'C:/Users/simon/OneDrive - Politecnico di Milano/3/Reti Logiche/project_reti_logiche/project_reti_logiche.srcs/sources_1/new/DataSwitch.vhd:6' bound to instance 'DS' of component 'DataSwitch' [C:/Users/simon/OneDrive - Politecnico di Milano/3/Reti Logiche/project_reti_logiche/project_reti_logiche.srcs/sources_1/new/10727140.vhd:87]
INFO: [Synth 8-638] synthesizing module 'DataSwitch' [C:/Users/simon/OneDrive - Politecnico di Milano/3/Reti Logiche/project_reti_logiche/project_reti_logiche.srcs/sources_1/new/DataSwitch.vhd:30]
INFO: [Synth 8-226] default block is never used [C:/Users/simon/OneDrive - Politecnico di Milano/3/Reti Logiche/project_reti_logiche/project_reti_logiche.srcs/sources_1/new/DataSwitch.vhd:62]
INFO: [Synth 8-226] default block is never used [C:/Users/simon/OneDrive - Politecnico di Milano/3/Reti Logiche/project_reti_logiche/project_reti_logiche.srcs/sources_1/new/DataSwitch.vhd:80]
INFO: [Synth 8-256] done synthesizing module 'DataSwitch' (0#1) [C:/Users/simon/OneDrive - Politecnico di Milano/3/Reti Logiche/project_reti_logiche/project_reti_logiche.srcs/sources_1/new/DataSwitch.vhd:30]
INFO: [Synth 8-256] done synthesizing module 'project_reti_logiche' (0#1) [C:/Users/simon/OneDrive - Politecnico di Milano/3/Reti Logiche/project_reti_logiche/project_reti_logiche.srcs/sources_1/new/10727140.vhd:34]
WARNING: [Synth 8-6014] Unused sequential element internal_address_reg was removed.  [C:/Users/simon/OneDrive - Politecnico di Milano/3/Reti Logiche/project_reti_logiche/project_reti_logiche.srcs/sources_1/new/DataSwitch.vhd:59]
WARNING: [Synth 8-3917] design project_reti_logiche has port o_mem_we driven by constant 0
---------------------------------------------------------------------------------
Finished RTL Elaboration : Time (s): cpu = 00:00:08 ; elapsed = 00:00:09 . Memory (MB): peak = 1334.941 ; gain = 500.094
---------------------------------------------------------------------------------
---------------------------------------------------------------------------------
Start Handling Custom Attributes
---------------------------------------------------------------------------------
---------------------------------------------------------------------------------
Finished Handling Custom Attributes : Time (s): cpu = 00:00:08 ; elapsed = 00:00:09 . Memory (MB): peak = 1334.941 ; gain = 500.094
---------------------------------------------------------------------------------
---------------------------------------------------------------------------------
Finished RTL Optimization Phase 1 : Time (s): cpu = 00:00:08 ; elapsed = 00:00:09 . Memory (MB): peak = 1334.941 ; gain = 500.094
---------------------------------------------------------------------------------
Netlist sorting complete. Time (s): cpu = 00:00:00 ; elapsed = 00:00:00.003 . Memory (MB): peak = 1334.941 ; gain = 0.000
INFO: [Project 1-570] Preparing netlist for logic optimization

Processing XDC Constraints
Initializing timing engine
Parsing XDC File [C:/Users/simon/OneDrive - Politecnico di Milano/3/Reti Logiche/project_reti_logiche/project_reti_logiche.srcs/constrs_1/new/clock.xdc]
Finished Parsing XDC File [C:/Users/simon/OneDrive - Politecnico di Milano/3/Reti Logiche/project_reti_logiche/project_reti_logiche.srcs/constrs_1/new/clock.xdc]
Completed Processing XDC Constraints

Netlist sorting complete. Time (s): cpu = 00:00:00 ; elapsed = 00:00:00 . Memory (MB): peak = 1443.055 ; gain = 0.000
INFO: [Project 1-111] Unisim Transformation Summary:
No Unisim elements were transformed.

Constraint Validation Runtime : Time (s): cpu = 00:00:00 ; elapsed = 00:00:00.008 . Memory (MB): peak = 1443.055 ; gain = 0.000
INFO: [Designutils 20-5440] No compile time benefit to using incremental synthesis; A full resynthesis will be run
INFO: [Designutils 20-4379] Flow is switching to default flow due to incremental criteria not met. If you would like to alter this behaviour and have the flow terminate instead, please set the following parameter config_implementation {autoIncr.Synth.RejectBehavior Terminate}
INFO: [Synth 8-11241] undeclared symbol 'REGCCE', assumed default net type 'wire' [C:/Xilinx/Vivado/2022.2/data/verilog/src/unimacro/BRAM_SINGLE_MACRO.v:2170]
---------------------------------------------------------------------------------
Finished Constraint Validation : Time (s): cpu = 00:00:18 ; elapsed = 00:00:19 . Memory (MB): peak = 1443.055 ; gain = 608.207
---------------------------------------------------------------------------------
---------------------------------------------------------------------------------
Start Loading Part and Timing Information
---------------------------------------------------------------------------------
Loading part: xc7a200tfbg484-1
---------------------------------------------------------------------------------
Finished Loading Part and Timing Information : Time (s): cpu = 00:00:18 ; elapsed = 00:00:19 . Memory (MB): peak = 1443.055 ; gain = 608.207
---------------------------------------------------------------------------------
---------------------------------------------------------------------------------
Start Applying 'set_property' XDC Constraints
---------------------------------------------------------------------------------
---------------------------------------------------------------------------------
Finished applying 'set_property' XDC Constraints : Time (s): cpu = 00:00:18 ; elapsed = 00:00:19 . Memory (MB): peak = 1443.055 ; gain = 608.207
---------------------------------------------------------------------------------
INFO: [Synth 8-802] inferred FSM for state register 'mode_reg' in module 'DeSerializeTransform'
INFO: [Synth 8-802] inferred FSM for state register 'mode_reg' in module 'DataSwitch'
---------------------------------------------------------------------------------------------------
                   State |                     New Encoding |                Previous Encoding 
---------------------------------------------------------------------------------------------------
              wait_input |                               00 |                               00
                 get_ch0 |                               01 |                               01
                 get_add |                               10 |                               10
              send_input |                               11 |                               11
---------------------------------------------------------------------------------------------------
INFO: [Synth 8-3354] encoded FSM with state register 'mode_reg' using encoding 'sequential' in module 'DeSerializeTransform'
---------------------------------------------------------------------------------------------------
                   State |                     New Encoding |                Previous Encoding 
---------------------------------------------------------------------------------------------------
              wait_input |                             0001 |                               00
               wait_data |                             0010 |                               01
                    save |                             0100 |                               10
                    show |                             1000 |                               11
---------------------------------------------------------------------------------------------------
INFO: [Synth 8-3354] encoded FSM with state register 'mode_reg' using encoding 'one-hot' in module 'DataSwitch'
---------------------------------------------------------------------------------
Finished RTL Optimization Phase 2 : Time (s): cpu = 00:00:18 ; elapsed = 00:00:19 . Memory (MB): peak = 1443.055 ; gain = 608.207
---------------------------------------------------------------------------------
---------------------------------------------------------------------------------
Start RTL Component Statistics 
---------------------------------------------------------------------------------
Detailed RTL Component Info : 
+---Registers : 
	               16 Bit    Registers := 1     
	                8 Bit    Registers := 8     
	                2 Bit    Registers := 1     
	                1 Bit    Registers := 3     
+---Muxes : 
	   2 Input   16 Bit        Muxes := 1     
	   4 Input   16 Bit        Muxes := 1     
	   4 Input    8 Bit        Muxes := 8     
	   4 Input    4 Bit        Muxes := 1     
	   2 Input    4 Bit        Muxes := 1     
	   4 Input    2 Bit        Muxes := 3     
	   2 Input    2 Bit        Muxes := 2     
	   2 Input    1 Bit        Muxes := 5     
	   4 Input    1 Bit        Muxes := 14    
	   3 Input    1 Bit        Muxes := 2     
---------------------------------------------------------------------------------
Finished RTL Component Statistics 
---------------------------------------------------------------------------------
---------------------------------------------------------------------------------
Start Part Resource Summary
---------------------------------------------------------------------------------
Part Resources:
DSPs: 740 (col length:100)
BRAMs: 730 (col length: RAMB18 100 RAMB36 50)
---------------------------------------------------------------------------------
Finished Part Resource Summary
---------------------------------------------------------------------------------
---------------------------------------------------------------------------------
Start Cross Boundary and Area Optimization
---------------------------------------------------------------------------------
WARNING: [Synth 8-7080] Parallel synthesis criteria is not met
WARNING: [Synth 8-3917] design project_reti_logiche has port o_mem_we driven by constant 0
---------------------------------------------------------------------------------
Finished Cross Boundary and Area Optimization : Time (s): cpu = 00:00:21 ; elapsed = 00:00:22 . Memory (MB): peak = 1443.055 ; gain = 608.207
---------------------------------------------------------------------------------
---------------------------------------------------------------------------------
Start Applying XDC Timing Constraints
---------------------------------------------------------------------------------
---------------------------------------------------------------------------------
Finished Applying XDC Timing Constraints : Time (s): cpu = 00:00:27 ; elapsed = 00:00:28 . Memory (MB): peak = 1443.055 ; gain = 608.207
---------------------------------------------------------------------------------
---------------------------------------------------------------------------------
Start Timing Optimization
---------------------------------------------------------------------------------
---------------------------------------------------------------------------------
Finished Timing Optimization : Time (s): cpu = 00:00:27 ; elapsed = 00:00:29 . Memory (MB): peak = 1443.055 ; gain = 608.207
---------------------------------------------------------------------------------
---------------------------------------------------------------------------------
Start Technology Mapping
---------------------------------------------------------------------------------
---------------------------------------------------------------------------------
Finished Technology Mapping : Time (s): cpu = 00:00:27 ; elapsed = 00:00:29 . Memory (MB): peak = 1443.055 ; gain = 608.207
---------------------------------------------------------------------------------
---------------------------------------------------------------------------------
Start IO Insertion
---------------------------------------------------------------------------------
---------------------------------------------------------------------------------
Start Flattening Before IO Insertion
---------------------------------------------------------------------------------
---------------------------------------------------------------------------------
Finished Flattening Before IO Insertion
---------------------------------------------------------------------------------
---------------------------------------------------------------------------------
Start Final Netlist Cleanup
---------------------------------------------------------------------------------
---------------------------------------------------------------------------------
Finished Final Netlist Cleanup
---------------------------------------------------------------------------------
---------------------------------------------------------------------------------
Finished IO Insertion : Time (s): cpu = 00:00:33 ; elapsed = 00:00:34 . Memory (MB): peak = 1443.055 ; gain = 608.207
---------------------------------------------------------------------------------
---------------------------------------------------------------------------------
Start Renaming Generated Instances
---------------------------------------------------------------------------------
---------------------------------------------------------------------------------
Finished Renaming Generated Instances : Time (s): cpu = 00:00:33 ; elapsed = 00:00:34 . Memory (MB): peak = 1443.055 ; gain = 608.207
---------------------------------------------------------------------------------
---------------------------------------------------------------------------------
Start Rebuilding User Hierarchy
---------------------------------------------------------------------------------
---------------------------------------------------------------------------------
Finished Rebuilding User Hierarchy : Time (s): cpu = 00:00:33 ; elapsed = 00:00:34 . Memory (MB): peak = 1443.055 ; gain = 608.207
---------------------------------------------------------------------------------
---------------------------------------------------------------------------------
Start Renaming Generated Ports
---------------------------------------------------------------------------------
---------------------------------------------------------------------------------
Finished Renaming Generated Ports : Time (s): cpu = 00:00:33 ; elapsed = 00:00:34 . Memory (MB): peak = 1443.055 ; gain = 608.207
---------------------------------------------------------------------------------
---------------------------------------------------------------------------------
Start Handling Custom Attributes
---------------------------------------------------------------------------------
---------------------------------------------------------------------------------
Finished Handling Custom Attributes : Time (s): cpu = 00:00:33 ; elapsed = 00:00:34 . Memory (MB): peak = 1443.055 ; gain = 608.207
---------------------------------------------------------------------------------
---------------------------------------------------------------------------------
Start Renaming Generated Nets
---------------------------------------------------------------------------------
---------------------------------------------------------------------------------
Finished Renaming Generated Nets : Time (s): cpu = 00:00:33 ; elapsed = 00:00:34 . Memory (MB): peak = 1443.055 ; gain = 608.207
---------------------------------------------------------------------------------
---------------------------------------------------------------------------------
Start Writing Synthesis Report
---------------------------------------------------------------------------------

Report BlackBoxes: 
+-+--------------+----------+
| |BlackBox name |Instances |
+-+--------------+----------+
+-+--------------+----------+

Report Cell Usage: 
+------+-----+------+
|      |Cell |Count |
+------+-----+------+
|1     |BUFG |     1|
|2     |LUT2 |     4|
|3     |LUT3 |    52|
|4     |LUT4 |     5|
|5     |LUT5 |     3|
|6     |LUT6 |     5|
|7     |FDRE |    91|
|8     |IBUF |    12|
|9     |OBUF |    51|
+------+-----+------+
---------------------------------------------------------------------------------
Finished Writing Synthesis Report : Time (s): cpu = 00:00:33 ; elapsed = 00:00:34 . Memory (MB): peak = 1443.055 ; gain = 608.207
---------------------------------------------------------------------------------
Synthesis finished with 0 errors, 0 critical warnings and 2 warnings.
Synthesis Optimization Runtime : Time (s): cpu = 00:00:22 ; elapsed = 00:00:32 . Memory (MB): peak = 1443.055 ; gain = 500.094
Synthesis Optimization Complete : Time (s): cpu = 00:00:33 ; elapsed = 00:00:34 . Memory (MB): peak = 1443.055 ; gain = 608.207
INFO: [Project 1-571] Translating synthesized netlist
Netlist sorting complete. Time (s): cpu = 00:00:00 ; elapsed = 00:00:00.003 . Memory (MB): peak = 1443.055 ; gain = 0.000
INFO: [Project 1-570] Preparing netlist for logic optimization
INFO: [Opt 31-138] Pushed 0 inverter(s) to 0 load pin(s).
Netlist sorting complete. Time (s): cpu = 00:00:00 ; elapsed = 00:00:00 . Memory (MB): peak = 1443.055 ; gain = 0.000
INFO: [Project 1-111] Unisim Transformation Summary:
No Unisim elements were transformed.

Synth Design complete, checksum: 2cb4f857
INFO: [Common 17-83] Releasing license: Synthesis
35 Infos, 4 Warnings, 0 Critical Warnings and 0 Errors encountered.
synth_design completed successfully
synth_design: Time (s): cpu = 00:00:38 ; elapsed = 00:00:41 . Memory (MB): peak = 1443.055 ; gain = 1040.578
INFO: [Common 17-1381] The checkpoint 'C:/Users/simon/OneDrive - Politecnico di Milano/3/Reti Logiche/project_reti_logiche/project_reti_logiche.runs/synth_1/project_reti_logiche.dcp' has been generated.
INFO: [runtcl-4] Executing : report_utilization -file project_reti_logiche_utilization_synth.rpt -pb project_reti_logiche_utilization_synth.pb
INFO: [Common 17-206] Exiting Vivado at Fri Apr 28 11:16:27 2023...
